<?xml version="1.0" encoding="UTF-8"?>
<robot generator="Robot 4.1.3 (Python 3.10.2 on win32)" generated="20221201 15:14:00.315" rpa="false" schemaversion="2">
<suite id="s1" name="Remover" source="c:\Users\vinicius\Documents\processo_seletivo_audax\resource\specs\Usuario\Remover.robot">
<test id="s1-t1" name="Cenário 1 - Remocao de Usuário">
<kw name="Remover Um Usuario" library="Usuario">
<var>${response}</var>
<arg>${id_usuario}</arg>
<kw name="DELETE" library="RequestsLibrary">
<var>${response}</var>
<arg>${API_URL}/user/${id_usuario}</arg>
<arg>expected_status=any</arg>
<doc>Sends a DELETE request.</doc>
<msg timestamp="20221201 15:14:01.289" level="INFO">DELETE Request : url=https://processoseletivo.audax.mobi/user/6176a689-ea8b-4a12-849d-2f5ea2199b24 
 path_url=/user/6176a689-ea8b-4a12-849d-2f5ea2199b24 
 headers={'User-Agent': 'python-requests/2.27.1', 'Accept-Encoding': 'gzip, deflate', 'Accept': '*/*', 'Connection': 'keep-alive', 'Content-Length': '0'} 
 body=None 
 </msg>
<msg timestamp="20221201 15:14:01.295" level="INFO">DELETE Response : url=https://processoseletivo.audax.mobi/user/6176a689-ea8b-4a12-849d-2f5ea2199b24 
 status=204, reason=No Content 
 headers={'Date': 'Thu, 01 Dec 2022 18:14:02 GMT', 'Server': 'Apache', 'Content-Encoding': 'gzip', 'Vary': 'Accept-Encoding', 'Access-Control-Allow-Origin': '*', 'Access-Control-Allow-Methods': 'GET,PUT,POST,DELETE,OPTIONS', 'Access-Control-Allow-Headers': 'X-Requested-With, Content-Type, Accept, Origin, Authorization', 'Keep-Alive': 'timeout=5, max=100', 'Connection': 'Keep-Alive'} 
 body=None 
 </msg>
<msg timestamp="20221201 15:14:01.295" level="INFO">${response} = &lt;Response [204]&gt;</msg>
<status status="PASS" starttime="20221201 15:14:00.778" endtime="20221201 15:14:01.297"/>
</kw>
<msg timestamp="20221201 15:14:01.299" level="INFO">${response} = &lt;Response [204]&gt;</msg>
<status status="PASS" starttime="20221201 15:14:00.777" endtime="20221201 15:14:01.300"/>
</kw>
<kw name="Status Should Be" library="RequestsLibrary">
<arg>204</arg>
<doc>Fails if response status code is different than the expected.</doc>
<status status="PASS" starttime="20221201 15:14:01.302" endtime="20221201 15:14:01.303"/>
</kw>
<status status="PASS" starttime="20221201 15:14:00.775" endtime="20221201 15:14:01.303"/>
</test>
<doc>Remoção De Usuário</doc>
<status status="PASS" starttime="20221201 15:14:00.324" endtime="20221201 15:14:01.308"/>
</suite>
<statistics>
<total>
<stat pass="1" fail="0" skip="0">All Tests</stat>
</total>
<tag>
</tag>
<suite>
<stat pass="1" fail="0" skip="0" id="s1" name="Remover">Remover</stat>
</suite>
</statistics>
<errors>
</errors>
</robot>
