<?xml version="1.0" encoding="UTF-8"?>
<robot generator="Robot 4.1.3 (Python 3.10.2 on win32)" generated="20221201 13:54:24.722" rpa="false" schemaversion="2">
<suite id="s1" name="Atualizar" source="c:\Users\vinicius\Documents\processo_seletivo_audax\resource\specs\Usuario\Atualizar.robot">
<test id="s1-t1" name="Cenario 2 - Deve Atualizar Um Usuario Com Dados Inválidos">
<kw name="Usuario" library="Usuario">
<var>${usuario_atualizacao_invalido}</var>
<msg timestamp="20221201 13:54:25.171" level="INFO">${usuario_atualizacao_invalido} = {'username': 'Fulano', 'password': '123456789'}</msg>
<status status="PASS" starttime="20221201 13:54:25.170" endtime="20221201 13:54:25.174"/>
</kw>
<kw name="Atualizar Um Usuario" library="Usuario">
<var>${response}</var>
<arg>${usuario_atualizacao_invalido}</arg>
<arg>${id_usuario_para_atualizar}</arg>
<kw name="PUT" library="RequestsLibrary">
<var>${response}</var>
<arg>${API_URL}/user/${id_usuario}</arg>
<arg>json=${payload}</arg>
<arg>expected_status=any</arg>
<doc>Sends a PUT request.</doc>
<msg timestamp="20221201 13:54:25.947" level="INFO">PUT Request : url=https://processoseletivo.audax.mobi/user/a882cdc0-040e-467f-9fb7-2acef76243cf 
 path_url=/user/a882cdc0-040e-467f-9fb7-2acef76243cf 
 headers={'User-Agent': 'python-requests/2.27.1', 'Accept-Encoding': 'gzip, deflate', 'Accept': '*/*', 'Connection': 'keep-alive', 'Content-Length': '47', 'Content-Type': 'application/json'} 
 body=b'{"username": "Fulano", "password": "123456789"}' 
 </msg>
<msg timestamp="20221201 13:54:25.949" level="INFO">PUT Response : url=https://processoseletivo.audax.mobi/user/a882cdc0-040e-467f-9fb7-2acef76243cf 
 status=200, reason=OK 
 headers={'Date': 'Thu, 01 Dec 2022 16:54:25 GMT', 'Server': 'Apache', 'Content-Encoding': 'gzip', 'Vary': 'Accept-Encoding', 'Access-Control-Allow-Origin': '*', 'Access-Control-Allow-Methods': 'GET,PUT,POST,DELETE,OPTIONS', 'Access-Control-Allow-Headers': 'X-Requested-With, Content-Type, Accept, Origin, Authorization', 'Keep-Alive': 'timeout=5, max=100', 'Connection': 'Keep-Alive', 'Transfer-Encoding': 'chunked', 'Content-Type': 'application/json'} 
 body={"uuid":"a882cdc0-040e-467f-9fb7-2acef76243cf","username":"Fulano","registeredAt":"2022-12-01T13:16:18-03:00"} 
 </msg>
<msg timestamp="20221201 13:54:25.950" level="INFO">${response} = &lt;Response [200]&gt;</msg>
<status status="PASS" starttime="20221201 13:54:25.176" endtime="20221201 13:54:25.951"/>
</kw>
<msg timestamp="20221201 13:54:25.952" level="INFO">${response} = &lt;Response [200]&gt;</msg>
<status status="PASS" starttime="20221201 13:54:25.175" endtime="20221201 13:54:25.952"/>
</kw>
<kw name="Status Should Be" library="RequestsLibrary">
<arg>400</arg>
<doc>Fails if response status code is different than the expected.</doc>
<msg timestamp="20221201 13:54:25.970" level="FAIL">Url: https://processoseletivo.audax.mobi/user/a882cdc0-040e-467f-9fb7-2acef76243cf Expected status: 200 != 400</msg>
<status status="FAIL" starttime="20221201 13:54:25.956" endtime="20221201 13:54:25.976"/>
</kw>
<status status="FAIL" starttime="20221201 13:54:25.169" endtime="20221201 13:54:25.978">Url: https://processoseletivo.audax.mobi/user/a882cdc0-040e-467f-9fb7-2acef76243cf Expected status: 200 != 400</status>
</test>
<doc>Atualizar Usuario</doc>
<status status="FAIL" starttime="20221201 13:54:24.731" endtime="20221201 13:54:25.985"/>
</suite>
<statistics>
<total>
<stat pass="0" fail="1" skip="0">All Tests</stat>
</total>
<tag>
</tag>
<suite>
<stat pass="0" fail="1" skip="0" id="s1" name="Atualizar">Atualizar</stat>
</suite>
</statistics>
<errors>
</errors>
</robot>
