<?xml version="1.0" encoding="UTF-8"?>
<robot generator="Robot 4.1.3 (Python 3.9.10 on win32)" generated="20221201 21:19:55.807" rpa="false" schemaversion="2">
<suite id="s1" name="Automacao Seletivo A" source="C:\Users\Vuribi\automacao_seletivo_a">
<suite id="s1-s1" name="Resource" source="C:\Users\Vuribi\automacao_seletivo_a\resource">
<suite id="s1-s1-s1" name="Specs" source="C:\Users\Vuribi\automacao_seletivo_a\resource\specs">
<suite id="s1-s1-s1-s1" name="Artigo" source="C:\Users\Vuribi\automacao_seletivo_a\resource\specs\Artigo">
<suite id="s1-s1-s1-s1-s1" name="Listar por id" source="C:\Users\Vuribi\automacao_seletivo_a\resource\specs\Artigo\Listar_por_id.robot">
<test id="s1-s1-s1-s1-s1-t1" name="Cenario 1 - Listar artigo por UID">
<kw name="Artigo" library="Artigo">
<var>${artigo}</var>
<msg timestamp="20221201 21:19:56.135" level="INFO">${artigo} = {'title': 'Excet occaecat cupidatat non proident', 'resume': 'Nam vulputate dapibus.Interagi no mé, cursus quis, vehicula ac nisi.', 'text': 'stringstringstringstringstringstringstringstringstringstri...</msg>
<status status="PASS" starttime="20221201 21:19:56.135" endtime="20221201 21:19:56.136"/>
</kw>
<kw name="Cadastrar Um Artigo" library="Artigo">
<var>${response}</var>
<arg>${artigo}</arg>
<kw name="POST" library="RequestsLibrary">
<var>${response}</var>
<arg>${API_URL}/article</arg>
<arg>json=${payload}</arg>
<arg>expected_status=any</arg>
<doc>Sends a POST request.</doc>
<msg timestamp="20221201 21:19:56.624" level="INFO">POST Request : url=https://processoseletivo.audax.mobi/article 
 path_url=/article 
 headers={'User-Agent': 'python-requests/2.27.1', 'Accept-Encoding': 'gzip, deflate', 'Accept': '*/*', 'Connection': 'keep-alive', 'Content-Length': '452', 'Content-Type': 'application/json'} 
 body=b'{"title": "Excet occaecat cupidatat non proident", "resume": "Nam vulputate dapibus.Interagi no m\\u00e9, cursus quis, vehicula ac nisi.", "text": "stringstringstringstringstringstringstringstringstringstringstringstringstringstringstringstringstringstringstringstringstringstringstringstringstringstringstringstringstringstringstringstringstringst", "slug": "lorem-ipsum", "User": {"uuid": "13955b53-1f6b-494f-ae95-6b1a81d8a83f", "username": "Fulano"}}' 
 </msg>
<msg timestamp="20221201 21:19:56.625" level="INFO">POST Response : url=https://processoseletivo.audax.mobi/article 
 status=201, reason=Created 
 headers={'Date': 'Fri, 02 Dec 2022 00:19:57 GMT', 'Server': 'Apache', 'Content-Encoding': 'gzip', 'Vary': 'Accept-Encoding', 'Access-Control-Allow-Origin': '*', 'Access-Control-Allow-Methods': 'GET,PUT,POST,DELETE,OPTIONS', 'Access-Control-Allow-Headers': 'X-Requested-With, Content-Type, Accept, Origin, Authorization', 'Keep-Alive': 'timeout=5, max=100', 'Connection': 'Keep-Alive', 'Transfer-Encoding': 'chunked', 'Content-Type': 'application/json'} 
 body={"uuid":"b2558d66-06ca-4f35-b44c-20df07471667","title":"Excet occaecat cupidatat non proident","resume":"Nam vulputate dapibus.Interagi no m\u00e9, cursus quis, vehicula ac nisi.","text":"stringstringstringstringstringstringstringstringstringstringstringstringstringstringstringstringstringstringstringstringstringstringstringstringstringstringstringstringstringstringstringstringstringst","slug":"excet-occaecat-cupidatat-non-proident","registeredAt":"2022-12-01T21:19:57-03:00","User":{"uuid":"13955b53-1f6b-494f-ae95-6b1a81d8a83f","username":"Fulano"}} 
 </msg>
<msg timestamp="20221201 21:19:56.627" level="INFO">${response} = &lt;Response [201]&gt;</msg>
<status status="PASS" starttime="20221201 21:19:56.138" endtime="20221201 21:19:56.628"/>
</kw>
<msg timestamp="20221201 21:19:56.628" level="INFO">${response} = &lt;Response [201]&gt;</msg>
<status status="PASS" starttime="20221201 21:19:56.137" endtime="20221201 21:19:56.629"/>
</kw>
<kw name="Status Should Be" library="RequestsLibrary">
<arg>201</arg>
<doc>Fails if response status code is different than the expected.</doc>
<status status="PASS" starttime="20221201 21:19:56.631" endtime="20221201 21:19:56.631"/>
</kw>
<kw name="Listar artigo Pelo Id" library="Artigo">
<var>${response}</var>
<arg>${response.json()['uuid']}</arg>
<kw name="GET" library="RequestsLibrary">
<var>${response}</var>
<arg>${API_URL}/article/${payload}</arg>
<doc>Sends a GET request.</doc>
<msg timestamp="20221201 21:19:57.120" level="INFO">GET Request : url=https://processoseletivo.audax.mobi/article/b2558d66-06ca-4f35-b44c-20df07471667 
 path_url=/article/b2558d66-06ca-4f35-b44c-20df07471667 
 headers={'User-Agent': 'python-requests/2.27.1', 'Accept-Encoding': 'gzip, deflate', 'Accept': '*/*', 'Connection': 'keep-alive'} 
 body=None 
 </msg>
<msg timestamp="20221201 21:19:57.120" level="INFO">GET Response : url=https://processoseletivo.audax.mobi/article/b2558d66-06ca-4f35-b44c-20df07471667 
 status=200, reason=OK 
 headers={'Date': 'Fri, 02 Dec 2022 00:19:58 GMT', 'Server': 'Apache', 'Content-Encoding': 'gzip', 'Vary': 'Accept-Encoding', 'Access-Control-Allow-Origin': '*', 'Access-Control-Allow-Methods': 'GET,PUT,POST,DELETE,OPTIONS', 'Access-Control-Allow-Headers': 'X-Requested-With, Content-Type, Accept, Origin, Authorization', 'Keep-Alive': 'timeout=5, max=100', 'Connection': 'Keep-Alive', 'Transfer-Encoding': 'chunked', 'Content-Type': 'application/json'} 
 body={"uuid":"b2558d66-06ca-4f35-b44c-20df07471667","title":"Excet occaecat cupidatat non proident","resume":"Nam vulputate dapibus.Interagi no m\u00e9, cursus quis, vehicula ac nisi.","text":"stringstringstringstringstringstringstringstringstringstringstringstringstringstringstringstringstringstringstringstringstringstringstringstringstringstringstringstringstringstringstringstringstringst","slug":"excet-occaecat-cupidatat-non-proident","registeredAt":"2022-12-01T21:19:57-03:00","User":{"uuid":"13955b53-1f6b-494f-ae95-6b1a81d8a83f","username":"Fulano"}} 
 </msg>
<msg timestamp="20221201 21:19:57.121" level="INFO">${response} = &lt;Response [200]&gt;</msg>
<status status="PASS" starttime="20221201 21:19:56.634" endtime="20221201 21:19:57.122"/>
</kw>
<msg timestamp="20221201 21:19:57.123" level="INFO">${response} = &lt;Response [200]&gt;</msg>
<status status="PASS" starttime="20221201 21:19:56.632" endtime="20221201 21:19:57.123"/>
</kw>
<kw name="Status Should Be" library="RequestsLibrary">
<arg>200</arg>
<doc>Fails if response status code is different than the expected.</doc>
<status status="PASS" starttime="20221201 21:19:57.127" endtime="20221201 21:19:57.127"/>
</kw>
<status status="PASS" starttime="20221201 21:19:56.133" endtime="20221201 21:19:57.128"/>
</test>
<doc>Listar artigo por uid</doc>
<status status="PASS" starttime="20221201 21:19:55.858" endtime="20221201 21:19:57.131"/>
</suite>
<status status="PASS" starttime="20221201 21:19:55.853" endtime="20221201 21:19:57.134"/>
</suite>
<status status="PASS" starttime="20221201 21:19:55.849" endtime="20221201 21:19:57.136"/>
</suite>
<status status="PASS" starttime="20221201 21:19:55.844" endtime="20221201 21:19:57.139"/>
</suite>
<status status="PASS" starttime="20221201 21:19:55.812" endtime="20221201 21:19:57.142"/>
</suite>
<statistics>
<total>
<stat pass="1" fail="0" skip="0">All Tests</stat>
</total>
<tag>
</tag>
<suite>
<stat pass="1" fail="0" skip="0" id="s1" name="Automacao Seletivo A">Automacao Seletivo A</stat>
<stat pass="1" fail="0" skip="0" id="s1-s1" name="Resource">Automacao Seletivo A.Resource</stat>
<stat pass="1" fail="0" skip="0" id="s1-s1-s1" name="Specs">Automacao Seletivo A.Resource.Specs</stat>
<stat pass="1" fail="0" skip="0" id="s1-s1-s1-s1" name="Artigo">Automacao Seletivo A.Resource.Specs.Artigo</stat>
<stat pass="1" fail="0" skip="0" id="s1-s1-s1-s1-s1" name="Listar por id">Automacao Seletivo A.Resource.Specs.Artigo.Listar por id</stat>
</suite>
</statistics>
<errors>
</errors>
</robot>
