<?xml version="1.0" encoding="UTF-8"?>
<robot generator="Robot 6.0.1 (Python 3.9.10 on win32)" generated="20221203 17:42:14.507" rpa="false" schemaversion="3">
<suite id="s1" name="Automacao Seletivo A" source="C:\Users\Vuribi\automacao_seletivo_a">
<suite id="s1-s1" name="Resource" source="C:\Users\Vuribi\automacao_seletivo_a\resource">
<suite id="s1-s1-s1" name="Specs" source="C:\Users\Vuribi\automacao_seletivo_a\resource\specs">
<suite id="s1-s1-s1-s1" name="Artigo" source="C:\Users\Vuribi\automacao_seletivo_a\resource\specs\Artigo">
<suite id="s1-s1-s1-s1-s1" name="Cadastrar" source="C:\Users\Vuribi\automacao_seletivo_a\resource\specs\Artigo\Cadastrar.robot">
<test id="s1-s1-s1-s1-s1-t1" name="Cenário 1 - Cadastro de Artigo Válido" line="12">
<kw name="Artigo" library="Artigo">
<var>${artigo}</var>
<msg timestamp="20221203 17:42:14.786" level="INFO">${artigo} = {'title': 'Excet occaecat cupidatat non proident', 'resume': 'Nam vulputate dapibus.Interagi no mé, cursus quis, vehicula ac nisi.', 'text': 'stringstringstringstringstringstringstringstringstringstri...</msg>
<status status="PASS" starttime="20221203 17:42:14.785" endtime="20221203 17:42:14.787"/>
</kw>
<kw name="Cadastrar Um Artigo" library="Artigo">
<var>${response}</var>
<arg>${artigo}</arg>
<kw name="POST" library="RequestsLibrary">
<var>${response}</var>
<arg>${API_URL}/article</arg>
<arg>json=${payload}</arg>
<arg>expected_status=any</arg>
<doc>Sends a POST request.</doc>
<msg timestamp="20221203 17:42:16.898" level="INFO">POST Request : url=https://processoseletivo.audax.mobi/article 
 path_url=/article 
 headers={'User-Agent': 'python-requests/2.27.1', 'Accept-Encoding': 'gzip, deflate', 'Accept': '*/*', 'Connection': 'keep-alive', 'Content-Length': '452', 'Content-Type': 'application/json'} 
 body=b'{"title": "Excet occaecat cupidatat non proident", "resume": "Nam vulputate dapibus.Interagi no m\\u00e9, cursus quis, vehicula ac nisi.", "text": "stringstringstringstringstringstringstringstringstringstringstringstringstringstringstringstringstringstringstringstringstringstringstringstringstringstringstringstringstringstringstringstringstringst", "slug": "lorem-ipsum", "User": {"uuid": "13955b53-1f6b-494f-ae95-6b1a81d8a83f", "username": "Fulano"}}' 
 </msg>
<msg timestamp="20221203 17:42:16.899" level="INFO">POST Response : url=https://processoseletivo.audax.mobi/article 
 status=422, reason=Unprocessable Entity 
 headers={'Date': 'Sat, 03 Dec 2022 20:42:17 GMT', 'Server': 'Apache', 'Content-Encoding': 'gzip', 'Vary': 'Accept-Encoding', 'Access-Control-Allow-Origin': '*', 'Access-Control-Allow-Methods': 'GET,PUT,POST,DELETE,OPTIONS', 'Access-Control-Allow-Headers': 'X-Requested-With, Content-Type, Accept, Origin, Authorization', 'Keep-Alive': 'timeout=5, max=100', 'Connection': 'Keep-Alive', 'Transfer-Encoding': 'chunked', 'Content-Type': 'application/json'} 
 body={"error":{"message":"Please check your input","details":{"title":"This title is already being used"}}} 
 </msg>
<msg timestamp="20221203 17:42:16.899" level="INFO">${response} = &lt;Response [422]&gt;</msg>
<status status="PASS" starttime="20221203 17:42:14.789" endtime="20221203 17:42:16.899"/>
</kw>
<msg timestamp="20221203 17:42:16.900" level="INFO">${response} = &lt;Response [422]&gt;</msg>
<status status="PASS" starttime="20221203 17:42:14.788" endtime="20221203 17:42:16.900"/>
</kw>
<kw name="Status Should Be" library="RequestsLibrary">
<arg>201</arg>
<doc>Fails if response status code is different than the expected.</doc>
<msg timestamp="20221203 17:42:16.903" level="FAIL">Url: https://processoseletivo.audax.mobi/article Expected status: 422 != 201</msg>
<status status="FAIL" starttime="20221203 17:42:16.902" endtime="20221203 17:42:16.906"/>
</kw>
<status status="FAIL" starttime="20221203 17:42:14.782" endtime="20221203 17:42:16.906">Url: https://processoseletivo.audax.mobi/article Expected status: 422 != 201</status>
</test>
<doc>Cadastro De Artigos</doc>
<status status="FAIL" starttime="20221203 17:42:14.552" endtime="20221203 17:42:16.908"/>
</suite>
<suite id="s1-s1-s1-s1-s2" name="Listar" source="C:\Users\Vuribi\automacao_seletivo_a\resource\specs\Artigo\Listar.robot">
<test id="s1-s1-s1-s1-s2-t1" name="Cenario 1 - Listar artigos cadastrados" line="11">
<kw name="Listar artigos cadastrados" library="Artigo">
<var>${response}</var>
<kw name="GET" library="RequestsLibrary">
<var>${response}</var>
<arg>${API_URL}/article</arg>
<doc>Sends a GET request.</doc>
<msg timestamp="20221203 17:42:18.894" level="INFO">GET Request : url=https://processoseletivo.audax.mobi/article 
 path_url=/article 
 headers={'User-Agent': 'python-requests/2.27.1', 'Accept-Encoding': 'gzip, deflate', 'Accept': '*/*', 'Connection': 'keep-alive'} 
 body=None 
 </msg>
<msg timestamp="20221203 17:42:18.895" level="INFO">GET Response : url=https://processoseletivo.audax.mobi/article 
 status=200, reason=OK 
 headers={'Date': 'Sat, 03 Dec 2022 20:42:19 GMT', 'Server': 'Apache', 'Content-Encoding': 'gzip', 'Vary': 'Accept-Encoding', 'Access-Control-Allow-Origin': '*', 'Access-Control-Allow-Methods': 'GET,PUT,POST,DELETE,OPTIONS', 'Access-Control-Allow-Headers': 'X-Requested-With, Content-Type, Accept, Origin, Authorization', 'Keep-Alive': 'timeout=5, max=100', 'Connection': 'Keep-Alive', 'Transfer-Encoding': 'chunked', 'Content-Type': 'application/json'} 
 body=[
    {
        "uuid": "b2558d66-06ca-4f35-b44c-20df07471667",
        "title": "Excet occaecat cupidatat non proident",
        "resume": "Nam vulputate dapibus.Interagi no m\u00e9, cursus quis, vehicula ac nisi.",
        "text": "stringstringstringstringstringstringstringstringstringstringstringstringstringstringstringstringstringstringstringstringstringstringstringstringstringstringstringstringstringstringstringstringstringst",
        "slug": "excet-occaecat-cupidatat-non-proident",
        "registeredAt": "2022-12-01T21:19:57-03:00",
        "User": {
            "uuid": "13955b53-1f6b-494f-ae95-6b1a81d8a83f",
            "username": "Fulano"
        }
    }
] 
 </msg>
<msg timestamp="20221203 17:42:18.896" level="INFO">${response} = &lt;Response [200]&gt;</msg>
<status status="PASS" starttime="20221203 17:42:16.922" endtime="20221203 17:42:18.897"/>
</kw>
<msg timestamp="20221203 17:42:18.897" level="INFO">${response} = &lt;Response [200]&gt;</msg>
<status status="PASS" starttime="20221203 17:42:16.922" endtime="20221203 17:42:18.899"/>
</kw>
<kw name="Status Should Be" library="RequestsLibrary">
<arg>200</arg>
<doc>Fails if response status code is different than the expected.</doc>
<status status="PASS" starttime="20221203 17:42:18.900" endtime="20221203 17:42:18.901"/>
</kw>
<status status="PASS" starttime="20221203 17:42:16.920" endtime="20221203 17:42:18.902"/>
</test>
<doc>Listar artigos</doc>
<status status="PASS" starttime="20221203 17:42:16.911" endtime="20221203 17:42:18.904"/>
</suite>
<suite id="s1-s1-s1-s1-s3" name="Listar por id" source="C:\Users\Vuribi\automacao_seletivo_a\resource\specs\Artigo\Listar_por_id.robot">
<test id="s1-s1-s1-s1-s3-t1" name="Cenario 1 - Listar artigo por UID" line="12">
<kw name="Artigo" library="Artigo">
<var>${artigo}</var>
<msg timestamp="20221203 17:42:18.918" level="INFO">${artigo} = {'title': 'Excet occaecat cupidatat non proident', 'resume': 'Nam vulputate dapibus.Interagi no mé, cursus quis, vehicula ac nisi.', 'text': 'stringstringstringstringstringstringstringstringstringstri...</msg>
<status status="PASS" starttime="20221203 17:42:18.917" endtime="20221203 17:42:18.919"/>
</kw>
<kw name="Cadastrar Um Artigo" library="Artigo">
<var>${response}</var>
<arg>${artigo}</arg>
<kw name="POST" library="RequestsLibrary">
<var>${response}</var>
<arg>${API_URL}/article</arg>
<arg>json=${payload}</arg>
<arg>expected_status=any</arg>
<doc>Sends a POST request.</doc>
<msg timestamp="20221203 17:42:19.374" level="INFO">POST Request : url=https://processoseletivo.audax.mobi/article 
 path_url=/article 
 headers={'User-Agent': 'python-requests/2.27.1', 'Accept-Encoding': 'gzip, deflate', 'Accept': '*/*', 'Connection': 'keep-alive', 'Content-Length': '452', 'Content-Type': 'application/json'} 
 body=b'{"title": "Excet occaecat cupidatat non proident", "resume": "Nam vulputate dapibus.Interagi no m\\u00e9, cursus quis, vehicula ac nisi.", "text": "stringstringstringstringstringstringstringstringstringstringstringstringstringstringstringstringstringstringstringstringstringstringstringstringstringstringstringstringstringstringstringstringstringst", "slug": "lorem-ipsum", "User": {"uuid": "13955b53-1f6b-494f-ae95-6b1a81d8a83f", "username": "Fulano"}}' 
 </msg>
<msg timestamp="20221203 17:42:19.374" level="INFO">POST Response : url=https://processoseletivo.audax.mobi/article 
 status=422, reason=Unprocessable Entity 
 headers={'Date': 'Sat, 03 Dec 2022 20:42:19 GMT', 'Server': 'Apache', 'Content-Encoding': 'gzip', 'Vary': 'Accept-Encoding', 'Access-Control-Allow-Origin': '*', 'Access-Control-Allow-Methods': 'GET,PUT,POST,DELETE,OPTIONS', 'Access-Control-Allow-Headers': 'X-Requested-With, Content-Type, Accept, Origin, Authorization', 'Keep-Alive': 'timeout=5, max=100', 'Connection': 'Keep-Alive', 'Transfer-Encoding': 'chunked', 'Content-Type': 'application/json'} 
 body={"error":{"message":"Please check your input","details":{"title":"This title is already being used"}}} 
 </msg>
<msg timestamp="20221203 17:42:19.376" level="INFO">${response} = &lt;Response [422]&gt;</msg>
<status status="PASS" starttime="20221203 17:42:18.920" endtime="20221203 17:42:19.376"/>
</kw>
<msg timestamp="20221203 17:42:19.377" level="INFO">${response} = &lt;Response [422]&gt;</msg>
<status status="PASS" starttime="20221203 17:42:18.919" endtime="20221203 17:42:19.378"/>
</kw>
<kw name="Status Should Be" library="RequestsLibrary">
<arg>201</arg>
<doc>Fails if response status code is different than the expected.</doc>
<msg timestamp="20221203 17:42:19.380" level="FAIL">Url: https://processoseletivo.audax.mobi/article Expected status: 422 != 201</msg>
<status status="FAIL" starttime="20221203 17:42:19.379" endtime="20221203 17:42:19.382"/>
</kw>
<kw name="Listar artigo Pelo Id" library="Artigo">
<var>${response}</var>
<arg>${response.json()['uuid']}</arg>
<status status="NOT RUN" starttime="20221203 17:42:19.382" endtime="20221203 17:42:19.383"/>
</kw>
<kw name="Status Should Be" library="RequestsLibrary">
<arg>200</arg>
<doc>Fails if response status code is different than the expected.</doc>
<status status="NOT RUN" starttime="20221203 17:42:19.383" endtime="20221203 17:42:19.383"/>
</kw>
<status status="FAIL" starttime="20221203 17:42:18.916" endtime="20221203 17:42:19.384">Url: https://processoseletivo.audax.mobi/article Expected status: 422 != 201</status>
</test>
<doc>Listar artigo por uid</doc>
<status status="FAIL" starttime="20221203 17:42:18.907" endtime="20221203 17:42:19.386"/>
</suite>
<status status="FAIL" starttime="20221203 17:42:14.548" endtime="20221203 17:42:19.388"/>
</suite>
<status status="FAIL" starttime="20221203 17:42:14.544" endtime="20221203 17:42:19.391"/>
</suite>
<status status="FAIL" starttime="20221203 17:42:14.540" endtime="20221203 17:42:19.393"/>
</suite>
<status status="FAIL" starttime="20221203 17:42:14.512" endtime="20221203 17:42:19.397"/>
</suite>
<statistics>
<total>
<stat pass="1" fail="2" skip="0">All Tests</stat>
</total>
<tag>
</tag>
<suite>
<stat pass="1" fail="2" skip="0" id="s1" name="Automacao Seletivo A">Automacao Seletivo A</stat>
<stat pass="1" fail="2" skip="0" id="s1-s1" name="Resource">Automacao Seletivo A.Resource</stat>
<stat pass="1" fail="2" skip="0" id="s1-s1-s1" name="Specs">Automacao Seletivo A.Resource.Specs</stat>
<stat pass="1" fail="2" skip="0" id="s1-s1-s1-s1" name="Artigo">Automacao Seletivo A.Resource.Specs.Artigo</stat>
<stat pass="0" fail="1" skip="0" id="s1-s1-s1-s1-s1" name="Cadastrar">Automacao Seletivo A.Resource.Specs.Artigo.Cadastrar</stat>
<stat pass="1" fail="0" skip="0" id="s1-s1-s1-s1-s2" name="Listar">Automacao Seletivo A.Resource.Specs.Artigo.Listar</stat>
<stat pass="0" fail="1" skip="0" id="s1-s1-s1-s1-s3" name="Listar por id">Automacao Seletivo A.Resource.Specs.Artigo.Listar por id</stat>
</suite>
</statistics>
<errors>
</errors>
</robot>
